c:\users\thomas\desktop\raytracer\raytracerframework_cpp\debug\vc141.pdb
c:\users\thomas\desktop\raytracer\raytracerframework_cpp\debug\vc141.idb
c:\users\thomas\desktop\raytracer\raytracerframework_cpp\debug\conversion.obj
c:\users\thomas\desktop\raytracer\raytracerframework_cpp\debug\emitter.obj
c:\users\thomas\desktop\raytracer\raytracerframework_cpp\debug\emitterstate.obj
c:\users\thomas\desktop\raytracer\raytracerframework_cpp\debug\emitterutils.obj
c:\users\thomas\desktop\raytracer\raytracerframework_cpp\debug\exp.obj
c:\users\thomas\desktop\raytracer\raytracerframework_cpp\debug\iterator.obj
c:\users\thomas\desktop\raytracer\raytracerframework_cpp\debug\map.obj
c:\users\thomas\desktop\raytracer\raytracerframework_cpp\debug\node.obj
c:\users\thomas\desktop\raytracer\raytracerframework_cpp\debug\null.obj
c:\users\thomas\desktop\raytracer\raytracerframework_cpp\debug\ostream.obj
c:\users\thomas\desktop\raytracer\raytracerframework_cpp\debug\parser.obj
c:\users\thomas\desktop\raytracer\raytracerframework_cpp\debug\parserstate.obj
c:\users\thomas\desktop\raytracer\raytracerframework_cpp\debug\regex.obj
c:\users\thomas\desktop\raytracer\raytracerframework_cpp\debug\scalar.obj
c:\users\thomas\desktop\raytracer\raytracerframework_cpp\debug\scanner.obj
c:\users\thomas\desktop\raytracer\raytracerframework_cpp\debug\scanscalar.obj
c:\users\thomas\desktop\raytracer\raytracerframework_cpp\debug\scantoken.obj
c:\users\thomas\desktop\raytracer\raytracerframework_cpp\debug\sequence.obj
c:\users\thomas\desktop\raytracer\raytracerframework_cpp\debug\simplekey.obj
c:\users\thomas\desktop\raytracer\raytracerframework_cpp\debug\stream.obj
c:\users\thomas\desktop\raytracer\raytracerframework_cpp\debug\image.obj
c:\users\thomas\desktop\raytracer\raytracerframework_cpp\debug\light.obj
c:\users\thomas\desktop\raytracer\raytracerframework_cpp\debug\lodepng.obj
c:\users\thomas\desktop\raytracer\raytracerframework_cpp\debug\main.obj
c:\users\thomas\desktop\raytracer\raytracerframework_cpp\debug\material.obj
c:\users\thomas\desktop\raytracer\raytracerframework_cpp\debug\raytracer.obj
c:\users\thomas\desktop\raytracer\raytracerframework_cpp\debug\scene.obj
c:\users\thomas\desktop\raytracer\raytracerframework_cpp\debug\sphere.obj
c:\users\thomas\desktop\raytracer\raytracerframework_cpp\debug\triple.obj
c:\users\thomas\desktop\raytracer\raytracerframework_cpp\debug\aliascontent.obj
c:\users\thomas\desktop\raytracer\raytracerframework_cpp\debug\content.obj
c:\users\thomas\desktop\raytracer\raytracerframework_cpp\debug\raytracer.ilk
c:\users\thomas\desktop\raytracer\raytracerframework_cpp\debug\raytracer.exe
c:\users\thomas\desktop\raytracer\raytracerframework_cpp\debug\raytracer.pdb
c:\users\thomas\desktop\raytracer\raytracerframework_cpp\debug\raytracer.tlog\cl.command.1.tlog
c:\users\thomas\desktop\raytracer\raytracerframework_cpp\debug\raytracer.tlog\cl.read.1.tlog
c:\users\thomas\desktop\raytracer\raytracerframework_cpp\debug\raytracer.tlog\cl.write.1.tlog
c:\users\thomas\desktop\raytracer\raytracerframework_cpp\debug\raytracer.tlog\link.command.1.tlog
c:\users\thomas\desktop\raytracer\raytracerframework_cpp\debug\raytracer.tlog\link.read.1.tlog
c:\users\thomas\desktop\raytracer\raytracerframework_cpp\debug\raytracer.tlog\link.write.1.tlog
